Arguments: 
  C:\Program Files\nodejs\node.exe C:\Program Files (x86)\Yarn\bin\yarn.js add electron electron-builder --dev

PATH: 
  C:\Program Files\NVIDIA GPU Computing Toolkit\CUDA\v10.0\bin;C:\Program Files\NVIDIA GPU Computing Toolkit\CUDA\v10.0\libnvvp;C:\Program Files (x86)\Common Files\Oracle\Java\javapath;C:\Program Files (x86)\Common Files\Intel\Shared Libraries\redist\intel64\compiler;C:\Windows\system32;C:\Windows;C:\Windows\System32\Wbem;C:\Windows\System32\WindowsPowerShell\v1.0\;C:\Windows\System32\OpenSSH\;C:\Program Files (x86)\NVIDIA Corporation\PhysX\Common;C:\Program Files\Intel\WiFi\bin\;C:\Program Files\Common Files\Intel\WirelessCommon\;C:\Program Files\nodejs\;C:\laragon\bin\php\php-7.2.19-Win32-VC15-x64;C:\WINDOWS\system32;C:\WINDOWS;C:\WINDOWS\System32\Wbem;C:\WINDOWS\System32\WindowsPowerShell\v1.0\;C:\WINDOWS\System32\OpenSSH\;C:\Program Files\Microsoft SQL Server\130\Tools\Binn\;C:\Program Files\Microsoft SQL Server\Client SDK\ODBC\170\Tools\Binn\;C:\Program Files (x86)\Microsoft SQL Server\150\Tools\Binn\;C:\Program Files\Microsoft SQL Server\150\Tools\Binn\;C:\Program Files\Microsoft SQL Server\150\DTS\Binn\;C:\Program Files\Microsoft SQL Server\120\Tools\Binn\;C:\Program Files\Common Files\Autodesk Shared\;C:\Program Files\NVIDIA Corporation\NVIDIA NvDLISR;C:\Program Files\Java\jdk-14\bin;C:\Program Files\Git\cmd;C:\cmake\cmake-3.17.1-win64-x64\bin\;C:\Program Files (x86)\Microsoft SQL Server\150\DTS\Binn\;C:\apache-maven-3.6.3\\bin;C:\Program Files\dotnet\;C:\composer;C:\Program Files\PuTTY\;C:\Program Files (x86)\Yarn\bin\;C:\WINDOWS\system32;C:\WINDOWS;C:\WINDOWS\System32\Wbem;C:\WINDOWS\System32\WindowsPowerShell\v1.0\;C:\WINDOWS\System32\OpenSSH\;C:\Users\vanes\AppData\Local\Programs\Python\Python38-32\Scripts\;C:\Users\vanes\AppData\Local\Programs\Python\Python38-32\;C:\Users\vanes\AppData\Local\Microsoft\WindowsApps;C:\Users\vanes\AppData\Roaming\npm;C:\Users\vanes\AppData\Local\Programs\Microsoft VS Code\bin;C:\Users\vanes\AppData\Roaming\Composer\vendor\bin;C:\Program Files\heroku\bin;C:\Program Files\MongoDB\Server\4.2\bin;C:\Program Files\Java\jdk-14\bin;C:\Program Files\NVIDIA GPU Computing Toolkit\CUDA\v10.0\bin;C:\Program Files\NVIDIA GPU Computing Toolkit\CUDA\v10.0\include;C:\Program Files\NVIDIA GPU Computing Toolkit\CUDA\v10.0\lib\x64;;C:\Program Files\JetBrains\PyCharm Community Edition 2020.1\bin;;C:\Users\vanes\AppData\Local\Yarn\bin

Yarn version: 
  1.22.5

Node version: 
  12.13.0

Platform: 
  win32 x64

Trace: 
  Error: https://registry.yarnpkg.com/core-js/-/core-js-2.6.12.tgz: ESOCKETTIMEDOUT
      at ClientRequest.<anonymous> (C:\Program Files (x86)\Yarn\lib\cli.js:141376:19)
      at Object.onceWrapper (events.js:299:28)
      at ClientRequest.emit (events.js:210:5)
      at TLSSocket.emitRequestTimeout (_http_client.js:690:9)
      at Object.onceWrapper (events.js:299:28)
      at TLSSocket.emit (events.js:210:5)
      at TLSSocket.Socket._onTimeout (net.js:468:8)
      at listOnTimeout (internal/timers.js:531:17)
      at processTimers (internal/timers.js:475:7)

npm manifest: 
  {
    "name": "spotyclone",
    "version": "1.0.0",
    "description": "",
    "main": "index.js",
    "scripts": {
      "start": "webpack-dev-server --config config/webpack.dev.js --open --hot",
      "build": "webpack --config config/webpack.prod.js"
    },
    "keywords": [],
    "author": "",
    "license": "ISC",
    "dependencies": {
      "clean-webpack-plugin": "^3.0.0",
      "react": "^17.0.1",
      "react-dom": "^17.0.1",
      "react-hot-loader": "^4.13.0"
    },
    "devDependencies": {
      "@babel/core": "^7.13.10",
      "@babel/eslint-parser": "^7.13.10",
      "@babel/plugin-transform-runtime": "^7.13.10",
      "@babel/preset-env": "^7.13.10",
      "@babel/preset-react": "^7.12.13",
      "babel-loader": "^8.2.2",
      "babel-polyfill": "^6.26.0",
      "css-loader": "^5.1.3",
      "eslint": "^7.14.0",
      "eslint-config-airbnb": "^18.2.1",
      "eslint-config-prettier": "^8.1.0",
      "eslint-plugin-import": "^2.22.1",
      "eslint-plugin-jsx-a11y": "^6.4.1",
      "eslint-plugin-prettier": "^3.3.1",
      "eslint-plugin-react": "^7.21.5",
      "eslint-plugin-react-hooks": "^1.7.0",
      "eslint-webpack-plugin": "^2.5.2",
      "file-loader": "^6.2.0",
      "html-loader": "^2.1.2",
      "html-webpack-plugin": "^4.0.0-alpha",
      "mini-css-extract-plugin": "^1.4.0",
      "optimize-css-assets-webpack-plugin": "^5.0.4",
      "prettier": "^2.2.1",
      "style-loader": "^2.0.0",
      "terser-webpack-plugin": "^4.2.3",
      "url-loader": "^4.1.1",
      "webpack": "^4.44.1",
      "webpack-cli": "^3.3.12",
      "webpack-dev-server": "^3.11.0",
      "webpack-merge": "^5.7.3"
    }
  }

yarn manifest: 
  No manifest

Lockfile: 
  No lockfile
